<?xml version="1.0" encoding="UTF-8"?>
<!-- Generated by org.testng.reporters.JUnitXMLReporter -->
<testsuite ignored="0" hostname="LAPTOP-3GN7A7RF" failures="0" tests="4" name="Test" time="0.021" errors="0" timestamp="21 Apr 2021 20:19:35 GMT">
  <testcase classname="qaclick.Selenium" name="BrowserAutomation" time="0.005"/>
  <testcase classname="qaclick.Selenium" name="elementsUI" time="0.001"/>
  <testcase classname="qaclick.RESTAPITest" name="deleteTwitter" time="0.0"/>
  <testcase classname="qaclick.RESTAPITest" name="postJira" time="0.0"/>
</testsuite> <!-- Test -->
