<?xml version="1.0" encoding="UTF-8"?>
<testng-results ignored="0" total="4" passed="4" failed="0" skipped="0">
  <reporter-output>
  </reporter-output>
  <suite started-at="2021-04-21T20:19:35Z" name="Suite" finished-at="2021-04-21T20:19:35Z" duration-ms="21">
    <groups>
    </groups>
    <test started-at="2021-04-21T20:19:35Z" name="Test" finished-at="2021-04-21T20:19:35Z" duration-ms="21">
      <class name="qaclick.Selenium">
        <test-method signature="BrowserAutomation()[pri:0, instance:qaclick.Selenium@d9345cd]" started-at="2021-04-21T20:19:35Z" name="BrowserAutomation" finished-at="2021-04-21T20:19:35Z" duration-ms="5" status="PASS">
          <reporter-output>
          </reporter-output>
        </test-method> <!-- BrowserAutomation -->
        <test-method signature="elementsUI()[pri:0, instance:qaclick.Selenium@d9345cd]" started-at="2021-04-21T20:19:35Z" name="elementsUI" finished-at="2021-04-21T20:19:35Z" duration-ms="1" status="PASS">
          <reporter-output>
          </reporter-output>
        </test-method> <!-- elementsUI -->
      </class> <!-- qaclick.Selenium -->
      <class name="qaclick.RESTAPITest">
        <test-method signature="deleteTwitter()[pri:0, instance:qaclick.RESTAPITest@2d710f1a]" started-at="2021-04-21T20:19:35Z" name="deleteTwitter" finished-at="2021-04-21T20:19:35Z" duration-ms="0" status="PASS">
          <reporter-output>
          </reporter-output>
        </test-method> <!-- deleteTwitter -->
        <test-method signature="postJira()[pri:0, instance:qaclick.RESTAPITest@2d710f1a]" started-at="2021-04-21T20:19:35Z" name="postJira" finished-at="2021-04-21T20:19:35Z" duration-ms="0" status="PASS">
          <reporter-output>
          </reporter-output>
        </test-method> <!-- postJira -->
      </class> <!-- qaclick.RESTAPITest -->
    </test> <!-- Test -->
  </suite> <!-- Suite -->
</testng-results>
