<?xml version="1.0" encoding="UTF-8"?>
<testng-results ignored="0" total="2" passed="2" failed="0" skipped="0">
  <reporter-output>
  </reporter-output>
  <suite started-at="2021-04-21T00:44:52 PDT" name="Default suite" finished-at="2021-04-21T00:44:52 PDT" duration-ms="38">
    <groups>
    </groups>
    <test started-at="2021-04-21T00:44:52 PDT" name="Default test" finished-at="2021-04-21T00:44:52 PDT" duration-ms="38">
      <class name="qaclick.SeleniumTest">
        <test-method signature="BrowserAutomation()[pri:0, instance:qaclick.SeleniumTest@63070bab]" started-at="2021-04-21T00:44:52 PDT" name="BrowserAutomation" finished-at="2021-04-21T00:44:52 PDT" duration-ms="7" status="PASS">
          <reporter-output>
          </reporter-output>
        </test-method> <!-- BrowserAutomation -->
        <test-method signature="elementsUI()[pri:0, instance:qaclick.SeleniumTest@63070bab]" started-at="2021-04-21T00:44:52 PDT" name="elementsUI" finished-at="2021-04-21T00:44:52 PDT" duration-ms="1" status="PASS">
          <reporter-output>
          </reporter-output>
        </test-method> <!-- elementsUI -->
      </class> <!-- qaclick.SeleniumTest -->
    </test> <!-- Default test -->
  </suite> <!-- Default suite -->
</testng-results>
